<?xml version="1.0" encoding="UTF-8"?>
<!-- Generated by org.testng.reporters.JUnitReportReporter -->
<testsuite hostname="RINMAC296" name="com.rakuten.india.RakutenIndia.AppTest" tests="1" failures="0" timestamp="16 Aug 2018 07:01:21 GMT" time="0.004" errors="0">
  <testcase name="testApp" time="0.004" classname="com.rakuten.india.RakutenIndia.AppTest"/>
</testsuite> <!-- com.rakuten.india.RakutenIndia.AppTest -->
